<?xml version="1.0" encoding="UTF-8"?>
<!-- Generated by org.testng.reporters.JUnitReportReporter -->
<testsuite hostname="dengzf" name="zichan.po.test.ConfirmNewPageTest" tests="1" failures="0" timestamp="23 Mar 2017 03:00:05 GMT" time="3.190" errors="0">
  <testcase name="testAssertEquals" time="3.190" classname="zichan.po.test.ConfirmNewPageTest"/>
</testsuite> <!-- zichan.po.test.ConfirmNewPageTest -->
