<?xml version="1.0" encoding="UTF-8"?>
<!-- Generated by org.testng.reporters.JUnitReportReporter -->
<testsuite hostname="dengzf" name="zichan.common.po.test.DeleteConfirmPageTest" tests="2" failures="0" timestamp="5 Apr 2017 07:18:55 GMT" time="0.523" errors="0">
  <testcase name="testClickdelConfirmBtn" time="0.311" classname="zichan.common.po.test.DeleteConfirmPageTest"/>
  <testcase name="testClickdelConfirmBtn" time="0.212" classname="zichan.common.po.test.DeleteConfirmPageTest"/>
</testsuite> <!-- zichan.common.po.test.DeleteConfirmPageTest -->
