<?xml version="1.0" encoding="UTF-8"?>
<!-- Generated by org.testng.reporters.JUnitReportReporter -->
<testsuite hostname="dengzf" name="zichan.basedata.po.test.SysElementRemarkPageTest" tests="1" failures="0" timestamp="5 Apr 2017 05:37:12 GMT" time="0.769" errors="0">
  <testcase name="testSaveNext3" time="0.769" classname="zichan.basedata.po.test.SysElementRemarkPageTest"/>
</testsuite> <!-- zichan.basedata.po.test.SysElementRemarkPageTest -->
