<?xml version="1.0" encoding="UTF-8"?>
<!-- Generated by org.testng.reporters.JUnitReportReporter -->
<testsuite hostname="t450-PC" name="fasp.common.po.test.SpecialBudgetCheckTest" tests="3" failures="0" timestamp="18 May 2017 12:52:50 GMT" time="10.735" errors="0">
  <testcase name="ClikSubmitButton" time="0.543" classname="fasp.common.po.test.SpecialBudgetCheckTest"/>
  <testcase name="GuanLiButton" time="1.384" classname="fasp.common.po.test.SpecialBudgetCheckTest"/>
  <testcase name="MoreReview" time="8.808" classname="fasp.common.po.test.SpecialBudgetCheckTest"/>
</testsuite> <!-- fasp.common.po.test.SpecialBudgetCheckTest -->
