<?xml version="1.0" encoding="UTF-8"?>
<!-- Generated by org.testng.reporters.JUnitReportReporter -->
<testsuite hostname="dengzf" name="zichan.po.test.SysElementStandardPageTest" tests="1" failures="0" timestamp="24 Mar 2017 05:20:45 GMT" time="1.607" errors="0">
  <testcase name="testSaveNext2" time="1.607" classname="zichan.po.test.SysElementStandardPageTest"/>
</testsuite> <!-- zichan.po.test.SysElementStandardPageTest -->
