<?xml version="1.0" encoding="UTF-8"?>
<!-- Generated by org.testng.reporters.JUnitReportReporter -->
<testsuite hostname="t450-PC" name="fasp.common.po.test.ZhiBiaoReviewTest" tests="3" failures="0" timestamp="18 May 2017 12:30:53 GMT" time="10.530" errors="0">
  <testcase name="ClikSubmitButton" time="0.417" classname="fasp.common.po.test.ZhiBiaoReviewTest"/>
  <testcase name="MoreReview" time="8.776" classname="fasp.common.po.test.ZhiBiaoReviewTest"/>
  <testcase name="GuanLiButton" time="1.337" classname="fasp.common.po.test.ZhiBiaoReviewTest"/>
</testsuite> <!-- fasp.common.po.test.ZhiBiaoReviewTest -->
