<?xml version="1.0" encoding="UTF-8"?>
<!-- Generated by org.testng.reporters.JUnitReportReporter -->
<testsuite hostname="dengzf" name="zichan.sysmanage.po.test.SysUserEditPageTest" tests="2" failures="0" timestamp="5 Apr 2017 07:18:55 GMT" time="6.271" errors="0">
  <testcase name="testSave" time="3.117" classname="zichan.sysmanage.po.test.SysUserEditPageTest"/>
  <testcase name="testSave" time="3.154" classname="zichan.sysmanage.po.test.SysUserEditPageTest"/>
</testsuite> <!-- zichan.sysmanage.po.test.SysUserEditPageTest -->
