<?xml version="1.0" encoding="UTF-8"?>
<!-- Generated by org.testng.reporters.JUnitReportReporter -->
<testsuite hostname="dengzf" name="zichan.po.test.IndexPageTest" tests="2" failures="0" timestamp="24 Mar 2017 05:20:45 GMT" time="4.010" errors="0">
  <testcase name="testClickSysElement" time="3.136" classname="zichan.po.test.IndexPageTest"/>
  <testcase name="testClickAddBtn" time="0.874" classname="zichan.po.test.IndexPageTest"/>
</testsuite> <!-- zichan.po.test.IndexPageTest -->
