<?xml version="1.0" encoding="UTF-8"?>
<!-- Generated by org.testng.reporters.JUnitReportReporter -->
<testsuite hostname="t450-PC" name="fasp.budget.test.SpecialBudgetCheckTest" tests="3" failures="0" timestamp="18 May 2017 13:06:02 GMT" time="10.546" errors="0">
  <testcase name="MoreReview" time="8.657" classname="fasp.budget.test.SpecialBudgetCheckTest"/>
  <testcase name="GuanLiButton" time="1.376" classname="fasp.budget.test.SpecialBudgetCheckTest"/>
  <testcase name="ClikSubmitButton" time="0.513" classname="fasp.budget.test.SpecialBudgetCheckTest"/>
</testsuite> <!-- fasp.budget.test.SpecialBudgetCheckTest -->
