<?xml version="1.0" encoding="UTF-8"?>
<!-- Generated by org.testng.reporters.JUnitReportReporter -->
<testsuite hostname="dengzf" name="zichan.common.po.test.LoginPageTest" tests="9" failures="0" timestamp="5 Apr 2017 07:18:55 GMT" time="5.477" errors="0">
  <testcase name="testAssertError" time="0.123" classname="zichan.common.po.test.LoginPageTest"/>
  <testcase name="testLogin" time="0.851" classname="zichan.common.po.test.LoginPageTest"/>
  <testcase name="testLogin" time="0.681" classname="zichan.common.po.test.LoginPageTest"/>
  <testcase name="testAssertPassword" time="0.128" classname="zichan.common.po.test.LoginPageTest"/>
  <testcase name="testLogin" time="0.725" classname="zichan.common.po.test.LoginPageTest"/>
  <testcase name="testLogin" time="0.906" classname="zichan.common.po.test.LoginPageTest"/>
  <testcase name="testAssertUsername" time="0.125" classname="zichan.common.po.test.LoginPageTest"/>
  <testcase name="testLogin" time="1.138" classname="zichan.common.po.test.LoginPageTest"/>
  <testcase name="testLogin" time="0.800" classname="zichan.common.po.test.LoginPageTest"/>
</testsuite> <!-- zichan.common.po.test.LoginPageTest -->
