<?xml version="1.0" encoding="UTF-8"?>
<!-- Generated by org.testng.reporters.JUnitReportReporter -->
<testsuite hostname="dengzf" name="zichan.po.test.SysElementRemarkPageTest" tests="1" failures="0" timestamp="24 Mar 2017 05:20:45 GMT" time="0.702" errors="0">
  <testcase name="testSaveNext3" time="0.702" classname="zichan.po.test.SysElementRemarkPageTest"/>
</testsuite> <!-- zichan.po.test.SysElementRemarkPageTest -->
