<?xml version="1.0" encoding="UTF-8"?>
<!-- Generated by org.testng.reporters.JUnitReportReporter -->
<testsuite hostname="t450-PC" name="fasp.budget.test.SpecialBudgetInputTest" tests="6" failures="0" timestamp="18 May 2017 13:06:02 GMT" time="67.506" errors="0">
  <testcase name="AllSubmit" time="1.449" classname="fasp.budget.test.SpecialBudgetInputTest"/>
  <testcase name="Choosemodule" time="7.982" classname="fasp.budget.test.SpecialBudgetInputTest"/>
  <testcase name="ZhiBiaoSubmit_One" time="0.838" classname="fasp.budget.test.SpecialBudgetInputTest"/>
  <testcase name="ClikAddButton_Zhuanxiang" time="8.773" classname="fasp.budget.test.SpecialBudgetInputTest"/>
  <testcase name="NewModule" time="43.576" classname="fasp.budget.test.SpecialBudgetInputTest"/>
  <testcase name="ClickAddButton" time="4.888" classname="fasp.budget.test.SpecialBudgetInputTest"/>
</testsuite> <!-- fasp.budget.test.SpecialBudgetInputTest -->
