<?xml version="1.0" encoding="UTF-8"?>
<!-- Generated by org.testng.reporters.JUnitReportReporter -->
<testsuite hostname="dengzf" name="zichan.common.po.test.IndexPageTest" tests="25" failures="0" timestamp="5 Apr 2017 07:18:55 GMT" time="15.504" errors="0">
  <testcase name="testClickDeleteBtn" time="0.329" classname="zichan.common.po.test.IndexPageTest"/>
  <testcase name="testSelectRow" time="0.203" classname="zichan.common.po.test.IndexPageTest"/>
  <testcase name="testClickDeleteBtn" time="0.297" classname="zichan.common.po.test.IndexPageTest"/>
  <testcase name="testClickAssetList" time="0.511" classname="zichan.common.po.test.IndexPageTest"/>
  <testcase name="testSelectRow" time="0.211" classname="zichan.common.po.test.IndexPageTest"/>
  <testcase name="testClickEnableBtn" time="0.304" classname="zichan.common.po.test.IndexPageTest"/>
  <testcase name="testClickModifyBtn" time="0.325" classname="zichan.common.po.test.IndexPageTest"/>
  <testcase name="testSelectRow" time="0.228" classname="zichan.common.po.test.IndexPageTest"/>
  <testcase name="testClickEnableBtn" time="0.318" classname="zichan.common.po.test.IndexPageTest"/>
  <testcase name="testSelectRow" time="0.210" classname="zichan.common.po.test.IndexPageTest"/>
  <testcase name="testClickSpAppRole" time="2.697" classname="zichan.common.po.test.IndexPageTest"/>
  <testcase name="testClickAddBtn" time="0.699" classname="zichan.common.po.test.IndexPageTest"/>
  <testcase name="testSelectRow" time="0.217" classname="zichan.common.po.test.IndexPageTest"/>
  <testcase name="testClickLogoutUserBtn" time="0.351" classname="zichan.common.po.test.IndexPageTest"/>
  <testcase name="testClickLogoutBtn" time="3.457" classname="zichan.common.po.test.IndexPageTest"/>
  <testcase name="testClickDisableBtn" time="0.304" classname="zichan.common.po.test.IndexPageTest"/>
  <testcase name="testClickDisableBtn" time="0.337" classname="zichan.common.po.test.IndexPageTest"/>
  <testcase name="testSelectRow" time="0.218" classname="zichan.common.po.test.IndexPageTest"/>
  <testcase name="testSelectRow" time="0.229" classname="zichan.common.po.test.IndexPageTest"/>
  <testcase name="testSelectRow" time="0.225" classname="zichan.common.po.test.IndexPageTest"/>
  <testcase name="testClickAddBtn" time="0.346" classname="zichan.common.po.test.IndexPageTest"/>
  <testcase name="testClickModifyBtn" time="0.334" classname="zichan.common.po.test.IndexPageTest"/>
  <testcase name="testSelectRow" time="0.209" classname="zichan.common.po.test.IndexPageTest"/>
  <testcase name="testClickLogoutBtn" time="0.233" classname="zichan.common.po.test.IndexPageTest"/>
  <testcase name="testClickSysUser" time="2.712" classname="zichan.common.po.test.IndexPageTest"/>
</testsuite> <!-- zichan.common.po.test.IndexPageTest -->
