<?xml version="1.0" encoding="UTF-8"?>
<!-- Generated by org.testng.reporters.JUnitReportReporter -->
<testsuite hostname="dengzf" name="zichan.po.test.CardItemEditPageTest" tests="2" failures="0" timestamp="21 Mar 2017 03:08:19 GMT" time="2.832" errors="0">
  <testcase name="testClickCardItemAdd" time="1.356" classname="zichan.po.test.CardItemEditPageTest"/>
  <testcase name="testClickCardItemAdd" time="1.476" classname="zichan.po.test.CardItemEditPageTest"/>
</testsuite> <!-- zichan.po.test.CardItemEditPageTest -->
