<?xml version="1.0" encoding="UTF-8"?>
<!-- Generated by org.testng.reporters.JUnitReportReporter -->
<testsuite hostname="dengzf" name="zichan.po.test.SpAppEditPageTest" tests="2" failures="0" timestamp="23 Mar 2017 03:00:05 GMT" time="3.973" errors="0">
  <testcase name="testSpAppAdd_Save" time="1.906" classname="zichan.po.test.SpAppEditPageTest"/>
  <testcase name="testSpAppAdd_Save" time="2.067" classname="zichan.po.test.SpAppEditPageTest"/>
</testsuite> <!-- zichan.po.test.SpAppEditPageTest -->
