<?xml version="1.0" encoding="UTF-8"?>
<!-- Generated by org.testng.reporters.JUnitReportReporter -->
<testsuite hostname="t450-PC" name="fasp.budget.po.test.ControlBudgetInputTest" tests="13" failures="0" timestamp="2 Aug 2017 08:37:49 GMT" time="64.755" errors="0">
  <testcase name="menuFrame" time="0.428" classname="fasp.budget.po.test.ControlBudgetInputTest"/>
  <testcase name="GuanLiButton" time="3.242" classname="fasp.budget.po.test.ControlBudgetInputTest"/>
  <testcase name="ControlBudgetInputButton" time="2.103" classname="fasp.budget.po.test.ControlBudgetInputTest"/>
  <testcase name="ControlBudgetDataSave" time="1.024" classname="fasp.budget.po.test.ControlBudgetInputTest"/>
  <testcase name="ChooseModule" time="1.549" classname="fasp.budget.po.test.ControlBudgetInputTest"/>
  <testcase name="Waittime2" time="0.202" classname="fasp.budget.po.test.ControlBudgetInputTest"/>
  <testcase name="NewModuleData" time="43.875" classname="fasp.budget.po.test.ControlBudgetInputTest"/>
  <testcase name="sidebarButton" time="2.746" classname="fasp.budget.po.test.ControlBudgetInputTest"/>
  <testcase name="AddControlBudgetData" time="0.618" classname="fasp.budget.po.test.ControlBudgetInputTest"/>
  <testcase name="newmodule" time="0.469" classname="fasp.budget.po.test.ControlBudgetInputTest"/>
  <testcase name="ControlBudget" time="4.096" classname="fasp.budget.po.test.ControlBudgetInputTest"/>
  <testcase name="ChooseModule_Data" time="3.843" classname="fasp.budget.po.test.ControlBudgetInputTest"/>
  <testcase name="ZhiBiaoSongShen_1" time="0.560" classname="fasp.budget.po.test.ControlBudgetInputTest"/>
</testsuite> <!-- fasp.budget.po.test.ControlBudgetInputTest -->
