<?xml version="1.0" encoding="UTF-8"?>
<!-- Generated by org.testng.reporters.JUnitReportReporter -->
<testsuite hostname="dengzf" name="zichan.basedata.po.test.SysElementSourcePageTest" tests="1" failures="0" timestamp="5 Apr 2017 05:37:12 GMT" time="2.237" errors="0">
  <testcase name="testSave" time="2.237" classname="zichan.basedata.po.test.SysElementSourcePageTest"/>
</testsuite> <!-- zichan.basedata.po.test.SysElementSourcePageTest -->
