<?xml version="1.0" encoding="UTF-8"?>
<!-- Generated by org.testng.reporters.JUnitReportReporter -->
<testsuite hostname="dengzf" name="zichan.assetmanage.po.test.AssetSplitPageTest" tests="1" failures="0" timestamp="5 Apr 2017 06:03:44 GMT" time="2.603" errors="0">
  <testcase name="testSave" time="2.603" classname="zichan.assetmanage.po.test.AssetSplitPageTest"/>
</testsuite> <!-- zichan.assetmanage.po.test.AssetSplitPageTest -->
