<?xml version="1.0" encoding="UTF-8"?>
<!-- Generated by org.testng.reporters.JUnitReportReporter -->
<testsuite hostname="dengzf" name="zichan.po.test.SysElementPageTest" tests="1" failures="0" timestamp="23 Mar 2017 03:11:53 GMT" time="1.763" errors="0">
  <testcase name="testSaveNext" time="1.763" classname="zichan.po.test.SysElementPageTest"/>
</testsuite> <!-- zichan.po.test.SysElementPageTest -->
