<?xml version="1.0" encoding="UTF-8"?>
<!-- Generated by org.testng.reporters.JUnitReportReporter -->
<testsuite hostname="dengzf" name="zichan.po.test.LoginPageTest" tests="1" failures="0" timestamp="24 Mar 2017 05:20:45 GMT" time="0.858" errors="0">
  <testcase name="testLogin" time="0.858" classname="zichan.po.test.LoginPageTest"/>
</testsuite> <!-- zichan.po.test.LoginPageTest -->
