<?xml version="1.0" encoding="UTF-8"?>
<!-- Generated by org.testng.reporters.JUnitReportReporter -->
<testsuite hostname="dengzf" name="zichan.assetmanage.po.test.CardItemEditPageTest" tests="2" failures="0" timestamp="5 Apr 2017 06:21:10 GMT" time="4.609" errors="0">
  <testcase name="testClickCardItemAdd" time="2.277" classname="zichan.assetmanage.po.test.CardItemEditPageTest"/>
  <testcase name="testClickCardItemAdd" time="2.332" classname="zichan.assetmanage.po.test.CardItemEditPageTest"/>
</testsuite> <!-- zichan.assetmanage.po.test.CardItemEditPageTest -->
