<?xml version="1.0" encoding="UTF-8"?>
<!-- Generated by org.testng.reporters.JUnitReportReporter -->
<testsuite hostname="dengzf" name="zichan.common.po.test.ConfirmNewPageTest" tests="1" failures="0" timestamp="5 Apr 2017 07:05:36 GMT" time="2.349" errors="0">
  <testcase name="testAssertEquals" time="2.349" classname="zichan.common.po.test.ConfirmNewPageTest"/>
</testsuite> <!-- zichan.common.po.test.ConfirmNewPageTest -->
