<?xml version="1.0" encoding="UTF-8"?>
<!-- Generated by org.testng.reporters.JUnitReportReporter -->
<testsuite hostname="dengzf" name="zichan.assetmanage.po.test.AssetCardImportPageTest" tests="1" failures="0" timestamp="28 Mar 2017 06:00:47 GMT" time="1.617" errors="0">
  <testcase name="testImportFile" time="1.617" classname="zichan.assetmanage.po.test.AssetCardImportPageTest"/>
</testsuite> <!-- zichan.assetmanage.po.test.AssetCardImportPageTest -->
