<?xml version="1.0" encoding="UTF-8"?>
<!-- Generated by org.testng.reporters.JUnitReportReporter -->
<testsuite hostname="dengzf" name="zichan.po.test.SysElementBasePageTest" tests="1" failures="0" timestamp="24 Mar 2017 05:20:45 GMT" time="1.935" errors="0">
  <testcase name="testSaveNext" time="1.935" classname="zichan.po.test.SysElementBasePageTest"/>
</testsuite> <!-- zichan.po.test.SysElementBasePageTest -->
