<?xml version="1.0" encoding="UTF-8"?>
<!-- Generated by org.testng.reporters.JUnitReportReporter -->
<testsuite hostname="dengzf" name="zichan.basedata.po.test.SysElementStandardPageTest" tests="1" failures="0" timestamp="5 Apr 2017 05:37:12 GMT" time="1.626" errors="0">
  <testcase name="testSaveNext2" time="1.626" classname="zichan.basedata.po.test.SysElementStandardPageTest"/>
</testsuite> <!-- zichan.basedata.po.test.SysElementStandardPageTest -->
