<?xml version="1.0" encoding="UTF-8"?>
<!-- Generated by org.testng.reporters.JUnitReportReporter -->
<testsuite hostname="t450-PC" name="zc80.common.po.test.LoginPageTest" tests="3" failures="0" timestamp="13 Jun 2018 06:59:55 GMT" time="10.505" errors="0">
  <testcase name="testLogin" time="0.412" classname="zc80.common.po.test.LoginPageTest"/>
  <testcase name="clicklogin" time="0.092" classname="zc80.common.po.test.LoginPageTest"/>
  <testcase name="Sleep10" time="10.001" classname="zc80.common.po.test.LoginPageTest"/>
</testsuite> <!-- zc80.common.po.test.LoginPageTest -->
