<?xml version="1.0" encoding="UTF-8"?>
<!-- Generated by org.testng.reporters.JUnitReportReporter -->
<testsuite hostname="t450-PC" name="fasp.common.po.test.ZhiBiaoAddTest" tests="6" failures="0" timestamp="18 May 2017 12:30:53 GMT" time="46.892" errors="0">
  <testcase name="Choosemodule" time="8.202" classname="fasp.common.po.test.ZhiBiaoAddTest"/>
  <testcase name="AllSubmit" time="1.395" classname="fasp.common.po.test.ZhiBiaoAddTest"/>
  <testcase name="ClickAddButton" time="5.208" classname="fasp.common.po.test.ZhiBiaoAddTest"/>
  <testcase name="ClikAddButton_Zhuanxiang" time="9.083" classname="fasp.common.po.test.ZhiBiaoAddTest"/>
  <testcase name="ZhiBiaoSubmit_One" time="0.903" classname="fasp.common.po.test.ZhiBiaoAddTest"/>
  <testcase name="NewModule" time="22.101" classname="fasp.common.po.test.ZhiBiaoAddTest"/>
</testsuite> <!-- fasp.common.po.test.ZhiBiaoAddTest -->
