<?xml version="1.0" encoding="UTF-8"?>
<!-- Generated by org.testng.reporters.JUnitReportReporter -->
<testsuite hostname="dengzf" name="zichan.sysmanage.po.test.SpAppEditPageTest" tests="2" failures="0" timestamp="5 Apr 2017 07:05:36 GMT" time="5.572" errors="0">
  <testcase name="testSpAppAdd_Save" time="2.751" classname="zichan.sysmanage.po.test.SpAppEditPageTest"/>
  <testcase name="testSpAppAdd_Save" time="2.821" classname="zichan.sysmanage.po.test.SpAppEditPageTest"/>
</testsuite> <!-- zichan.sysmanage.po.test.SpAppEditPageTest -->
