<?xml version="1.0" encoding="UTF-8"?>
<!-- Generated by org.testng.reporters.JUnitReportReporter -->
<testsuite hostname="dengzf" name="zichan.common.po.test.ConfirmPageTest" tests="22" failures="0" timestamp="5 Apr 2017 07:18:55 GMT" time="4.400" errors="0">
  <testcase name="testclickConfirmBtn" time="0.197" classname="zichan.common.po.test.ConfirmPageTest"/>
  <testcase name="testAssertEquals" time="0.131" classname="zichan.common.po.test.ConfirmPageTest"/>
  <testcase name="testclickConfirmBtn" time="0.225" classname="zichan.common.po.test.ConfirmPageTest"/>
  <testcase name="testAssertEquals" time="0.212" classname="zichan.common.po.test.ConfirmPageTest"/>
  <testcase name="testclickConfirmBtn" time="0.194" classname="zichan.common.po.test.ConfirmPageTest"/>
  <testcase name="testclickConfirmBtn" time="0.225" classname="zichan.common.po.test.ConfirmPageTest"/>
  <testcase name="testclickConfirmBtn" time="0.225" classname="zichan.common.po.test.ConfirmPageTest"/>
  <testcase name="testclickConfirmBtn" time="0.231" classname="zichan.common.po.test.ConfirmPageTest"/>
  <testcase name="testAssertEquals" time="0.135" classname="zichan.common.po.test.ConfirmPageTest"/>
  <testcase name="testclickConfirmBtn" time="0.190" classname="zichan.common.po.test.ConfirmPageTest"/>
  <testcase name="testAssertEquals" time="0.120" classname="zichan.common.po.test.ConfirmPageTest"/>
  <testcase name="testclickConfirmBtn" time="0.218" classname="zichan.common.po.test.ConfirmPageTest"/>
  <testcase name="testAssertEquals" time="0.212" classname="zichan.common.po.test.ConfirmPageTest"/>
  <testcase name="testAssertEquals" time="0.213" classname="zichan.common.po.test.ConfirmPageTest"/>
  <testcase name="testAssertEquals" time="0.152" classname="zichan.common.po.test.ConfirmPageTest"/>
  <testcase name="testclickConfirmBtn" time="0.194" classname="zichan.common.po.test.ConfirmPageTest"/>
  <testcase name="testAssertEquals" time="0.239" classname="zichan.common.po.test.ConfirmPageTest"/>
  <testcase name="testAssertEquals" time="0.185" classname="zichan.common.po.test.ConfirmPageTest"/>
  <testcase name="testclickConfirmBtn" time="0.232" classname="zichan.common.po.test.ConfirmPageTest"/>
  <testcase name="testAssertEquals" time="0.229" classname="zichan.common.po.test.ConfirmPageTest"/>
  <testcase name="testAssertEquals" time="0.231" classname="zichan.common.po.test.ConfirmPageTest"/>
  <testcase name="testclickConfirmBtn" time="0.210" classname="zichan.common.po.test.ConfirmPageTest"/>
</testsuite> <!-- zichan.common.po.test.ConfirmPageTest -->
