<?xml version="1.0" encoding="UTF-8"?>
<!-- Generated by org.testng.reporters.JUnitReportReporter -->
<testsuite hostname="dengzf" name="zichan.po.test.SysElementSourcePageTest" tests="1" failures="0" timestamp="24 Mar 2017 05:20:45 GMT" time="0.265" errors="0">
  <testcase name="testSave" time="0.265" classname="zichan.po.test.SysElementSourcePageTest"/>
</testsuite> <!-- zichan.po.test.SysElementSourcePageTest -->
