<?xml version="1.0" encoding="UTF-8"?>
<!-- Generated by org.testng.reporters.JUnitReportReporter -->
<testsuite hostname="dengzf" name="zichan.sysmanage.po.test.SpAppRolePageTest" tests="2" failures="0" timestamp="5 Apr 2017 07:18:55 GMT" time="3.828" errors="0">
  <testcase name="testSave" time="1.914" classname="zichan.sysmanage.po.test.SpAppRolePageTest"/>
  <testcase name="testSave" time="1.914" classname="zichan.sysmanage.po.test.SpAppRolePageTest"/>
</testsuite> <!-- zichan.sysmanage.po.test.SpAppRolePageTest -->
