<?xml version="1.0" encoding="UTF-8"?>
<!-- Generated by org.testng.reporters.JUnitReportReporter -->
<testsuite hostname="dengzf" name="zichan.basedata.po.test.SysElementBasePageTest" tests="1" failures="0" timestamp="5 Apr 2017 05:37:12 GMT" time="1.663" errors="0">
  <testcase name="testSaveNext" time="1.663" classname="zichan.basedata.po.test.SysElementBasePageTest"/>
</testsuite> <!-- zichan.basedata.po.test.SysElementBasePageTest -->
