<?xml version="1.0" encoding="UTF-8"?>
<!-- Generated by org.testng.reporters.JUnitReportReporter -->
<testsuite hostname="t450-PC" name="fasp.common.po.test.SpecialBudgetInputTest" tests="6" failures="0" timestamp="18 May 2017 12:52:50 GMT" time="67.336" errors="0">
  <testcase name="ClikAddButton_Zhuanxiang" time="8.839" classname="fasp.common.po.test.SpecialBudgetInputTest"/>
  <testcase name="NewModule" time="43.242" classname="fasp.common.po.test.SpecialBudgetInputTest"/>
  <testcase name="AllSubmit" time="1.431" classname="fasp.common.po.test.SpecialBudgetInputTest"/>
  <testcase name="ClickAddButton" time="4.913" classname="fasp.common.po.test.SpecialBudgetInputTest"/>
  <testcase name="ZhiBiaoSubmit_One" time="0.881" classname="fasp.common.po.test.SpecialBudgetInputTest"/>
  <testcase name="Choosemodule" time="8.030" classname="fasp.common.po.test.SpecialBudgetInputTest"/>
</testsuite> <!-- fasp.common.po.test.SpecialBudgetInputTest -->
