<?xml version="1.0" encoding="UTF-8"?>
<!-- Generated by org.testng.reporters.JUnitReportReporter -->
<testsuite hostname="dengzf" name="zichan.po.test.DeleteConfirmPageTest" tests="1" failures="0" timestamp="23 Mar 2017 03:00:05 GMT" time="0.318" errors="0">
  <testcase name="testClickdelConfirmBtn" time="0.318" classname="zichan.po.test.DeleteConfirmPageTest"/>
</testsuite> <!-- zichan.po.test.DeleteConfirmPageTest -->
